<?xml version="1.0" encoding="UTF-8"?>
<!-- Generated by org.testng.reporters.JUnitReportReporter -->
<testsuite hostname="TYSS-Harsha" failures="0" tests="1" name="com.tyss.trello.scripts.TYSS_Trello_002" time="105.537" errors="0" timestamp="2022-10-03T11:47:13 IST" skipped="0">
  <testcase classname="com.tyss.trello.scripts.TYSS_Trello_002" name="TC_TYSS_Trello_002" time="105.537"/>
  <system-out/>
</testsuite> <!-- com.tyss.trello.scripts.TYSS_Trello_002 -->
