<?xml version="1.0" encoding="UTF-8"?>
<!-- Generated by org.testng.reporters.JUnitReportReporter -->
<testsuite skipped="0" hostname="SAJAL-PC" name="com.tyss.demo.scripts.Demo" tests="1" failures="0" timestamp="24 Feb 2022 12:12:08 GMT" time="0.041" errors="0">
  <testcase name="testDemo" time="0.041" classname="com.tyss.demo.scripts.Demo"/>
</testsuite> <!-- com.tyss.demo.scripts.Demo -->
