<?xml version="1.0" encoding="UTF-8"?>
<!-- Generated by org.testng.reporters.JUnitReportReporter -->
<testsuite skipped="0" hostname="SAJAL-PC" name="com.tyss.demo.scripts.modulename.TYSS_ModuleName_009" tests="1" failures="0" timestamp="03 Mar 2022 09:36:56 GMT" time="105.906" errors="0">
  <testcase name="TC_TYSS_ModuleName_009" time="105.906" classname="com.tyss.demo.scripts.modulename.TYSS_ModuleName_009"/>
</testsuite> <!-- com.tyss.demo.scripts.modulename.TYSS_ModuleName_009 -->
