<?xml version="1.0" encoding="UTF-8"?>
<!-- Generated by org.testng.reporters.JUnitReportReporter -->
<testsuite skipped="0" hostname="SAJAL-PC" name="com.tyss.demo.scripts.modulename.TYSS_ModuleName_007" tests="1" failures="0" timestamp="02 Mar 2022 15:44:17 GMT" time="10.569" errors="0">
  <testcase name="TC_TYSS_ModuleName_007" time="10.569" classname="com.tyss.demo.scripts.modulename.TYSS_ModuleName_007"/>
</testsuite> <!-- com.tyss.demo.scripts.modulename.TYSS_ModuleName_007 -->
