<?xml version="1.0" encoding="UTF-8"?>
<!-- Generated by org.testng.reporters.JUnitReportReporter -->
<testsuite hostname="LAPTOP-MRSNP4RR" failures="0" tests="1" name="com.tyss.trello.scripts.TYSS_Trello_001" time="68.078" errors="0" timestamp="2022-04-20T12:29:24 IST" skipped="0">
  <testcase classname="com.tyss.trello.scripts.TYSS_Trello_001" name="TC_TYSS_Trello_001" time="68.078"/>
  <system-out/>
</testsuite> <!-- com.tyss.trello.scripts.TYSS_Trello_001 -->
