<?xml version="1.0" encoding="UTF-8"?>
<!-- Generated by org.testng.reporters.JUnitReportReporter -->
<testsuite hostname="LAPTOP-MRSNP4RR" failures="0" tests="1" name="com.tyss.trello.scripts.TYSS_ModuleName_001" time="109.569" errors="0" timestamp="2022-03-09T07:01:14 IST" skipped="0">
  <testcase classname="com.tyss.trello.scripts.TYSS_ModuleName_001" name="TC_TYSS_ModuleName_001" time="109.569"/>
  <system-out/>
</testsuite> <!-- com.tyss.trello.scripts.TYSS_ModuleName_001 -->
