<?xml version="1.0" encoding="UTF-8"?>
<!-- Generated by org.testng.reporters.JUnitReportReporter -->
<testsuite skipped="0" hostname="SAJAL-PC" name="com.tyss.demo.scripts.modulename.TYSS_ModuleName_003" tests="1" failures="0" timestamp="02 Mar 2022 15:44:17 GMT" time="128.805" errors="0">
  <testcase name="TC_TYSS_ModuleName_003" time="128.805" classname="com.tyss.demo.scripts.modulename.TYSS_ModuleName_003"/>
</testsuite> <!-- com.tyss.demo.scripts.modulename.TYSS_ModuleName_003 -->
