<?xml version="1.0" encoding="UTF-8"?>
<!-- Generated by org.testng.reporters.JUnitReportReporter -->
<testsuite skipped="0" hostname="SAJAL-PC" name="com.tyss.demo.scripts.modulename.Demo" tests="1" failures="0" timestamp="03 Mar 2022 05:24:18 GMT" time="28.571" errors="0">
  <testcase name="testDemo" time="28.571" classname="com.tyss.demo.scripts.modulename.Demo"/>
</testsuite> <!-- com.tyss.demo.scripts.modulename.Demo -->
